# JRE version: OpenJDK Runtime Environment (8.0_152-b02) (build 1.8.0_152-release-1024-b02)
# Java VM: OpenJDK 64-Bit Server VM (25.152-b02 mixed mode windows-amd64 compressed oops)
Heap:
 PSYoungGen      total 226304K, used 133987K [0x00000000e0000000, 0x00000000f0200000, 0x0000000100000000)
  eden space 215040K, 57% used [0x00000000e0000000,0x00000000e783f050,0x00000000ed200000)
  from space 11264K, 96% used [0x00000000ed500000,0x00000000edf99d30,0x00000000ee000000)
  to   space 24576K, 0% used [0x00000000eea00000,0x00000000eea00000,0x00000000f0200000)
 ParOldGen       total 530944K, used 40260K [0x00000000a0000000, 0x00000000c0680000, 0x00000000e0000000)
  object space 530944K, 7% used [0x00000000a0000000,0x00000000a2751390,0x00000000c0680000)
 Metaspace       used 69857K, capacity 72018K, committed 72280K, reserved 1112064K
  class space    used 8874K, capacity 9474K, committed 9600K, reserved 1048576K
GC Heap History (10 events):
Event: 90.086 GC heap before
{Heap before GC invocations=12 (full 2):
 PSYoungGen      total 243712K, used 186428K [0x00000000e0000000, 0x00000000f0080000, 0x0000000100000000)
  eden space 227840K, 75% used [0x00000000e0000000,0x00000000ea6fdaf0,0x00000000ede80000)
  from space 15872K, 97% used [0x00000000ee800000,0x00000000ef7115f0,0x00000000ef780000)
  to   space 9216K, 0% used [0x00000000ef780000,0x00000000ef780000,0x00000000f0080000)
 ParOldGen       total 360960K, used 18898K [0x00000000a0000000, 0x00000000b6080000, 0x00000000e0000000)
  object space 360960K, 5% used [0x00000000a0000000,0x00000000a12749c8,0x00000000b6080000)
 Metaspace       used 57510K, capacity 58956K, committed 59028K, reserved 1099776K
  class space    used 7435K, capacity 7873K, committed 7936K, reserved 1048576K
Event: 90.103 GC heap after
Heap after GC invocations=12 (full 2):
 PSYoungGen      total 232960K, used 9185K [0x00000000e0000000, 0x00000000f0780000, 0x0000000100000000)
  eden space 223744K, 0% used [0x00000000e0000000,0x00000000e0000000,0x00000000eda80000)
  from space 9216K, 99% used [0x00000000ef780000,0x00000000f00787b8,0x00000000f0080000)
  to   space 23040K, 0% used [0x00000000eda80000,0x00000000eda80000,0x00000000ef100000)
 ParOldGen       total 360960K, used 36259K [0x00000000a0000000, 0x00000000b6080000, 0x00000000e0000000)
  object space 360960K, 10% used [0x00000000a0000000,0x00000000a2368ea0,0x00000000b6080000)
 Metaspace       used 57510K, capacity 58956K, committed 59028K, reserved 1099776K
  class space    used 7435K, capacity 7873K, committed 7936K, reserved 1048576K
}
Event: 90.103 GC heap before
{Heap before GC invocations=13 (full 3):
 PSYoungGen      total 232960K, used 9185K [0x00000000e0000000, 0x00000000f0780000, 0x0000000100000000)
  eden space 223744K, 0% used [0x00000000e0000000,0x00000000e0000000,0x00000000eda80000)
  from space 9216K, 99% used [0x00000000ef780000,0x00000000f00787b8,0x00000000f0080000)
  to   space 23040K, 0% used [0x00000000eda80000,0x00000000eda80000,0x00000000ef100000)
 ParOldGen       total 360960K, used 36259K [0x00000000a0000000, 0x00000000b6080000, 0x00000000e0000000)
  object space 360960K, 10% used [0x00000000a0000000,0x00000000a2368ea0,0x00000000b6080000)
 Metaspace       used 57510K, capacity 58956K, committed 59028K, reserved 1099776K
  class space    used 7435K, capacity 7873K, committed 7936K, reserved 1048576K
Event: 90.276 GC heap after
Heap after GC invocations=13 (full 3):
 PSYoungGen      total 232960K, used 0K [0x00000000e0000000, 0x00000000f0780000, 0x0000000100000000)
  eden space 223744K, 0% used [0x00000000e0000000,0x00000000e0000000,0x00000000eda80000)
  from space 9216K, 0% used [0x00000000ef780000,0x00000000ef780000,0x00000000f0080000)
  to   space 23040K, 0% used [0x00000000eda80000,0x00000000eda80000,0x00000000ef100000)
 ParOldGen       total 530944K, used 40236K [0x00000000a0000000, 0x00000000c0680000, 0x00000000e0000000)
  object space 530944K, 7% used [0x00000000a0000000,0x00000000a274b390,0x00000000c0680000)
 Metaspace       used 57462K, capacity 58832K, committed 59028K, reserved 1099776K
  class space    used 7420K, capacity 7856K, committed 7936K, reserved 1048576K
}
Event: 223.052 GC heap before
{Heap before GC invocations=14 (full 3):
 PSYoungGen      total 232960K, used 223744K [0x00000000e0000000, 0x00000000f0780000, 0x0000000100000000)
  eden space 223744K, 100% used [0x00000000e0000000,0x00000000eda80000,0x00000000eda80000)
  from space 9216K, 0% used [0x00000000ef780000,0x00000000ef780000,0x00000000f0080000)
  to   space 23040K, 0% used [0x00000000eda80000,0x00000000eda80000,0x00000000ef100000)
 ParOldGen       total 530944K, used 40236K [0x00000000a0000000, 0x00000000c0680000, 0x00000000e0000000)
  object space 530944K, 7% used [0x00000000a0000000,0x00000000a274b390,0x00000000c0680000)
 Metaspace       used 59176K, capacity 60738K, committed 61016K, reserved 1101824K
  class space    used 7554K, capacity 7995K, committed 8064K, reserved 1048576K
Event: 223.057 GC heap after
Heap after GC invocations=14 (full 3):
 PSYoungGen      total 225280K, used 4365K [0x00000000e0000000, 0x00000000f0480000, 0x0000000100000000)
  eden space 220672K, 0% used [0x00000000e0000000,0x00000000e0000000,0x00000000ed780000)
  from space 4608K, 94% used [0x00000000eda80000,0x00000000edec3470,0x00000000edf00000)
  to   space 23040K, 0% used [0x00000000eee00000,0x00000000eee00000,0x00000000f0480000)
 ParOldGen       total 530944K, used 40244K [0x00000000a0000000, 0x00000000c0680000, 0x00000000e0000000)
  object space 530944K, 7% used [0x00000000a0000000,0x00000000a274d390,0x00000000c0680000)
 Metaspace       used 59176K, capacity 60738K, committed 61016K, reserved 1101824K
  class space    used 7554K, capacity 7995K, committed 8064K, reserved 1048576K
}
Event: 225.912 GC heap before
{Heap before GC invocations=15 (full 3):
 PSYoungGen      total 225280K, used 225037K [0x00000000e0000000, 0x00000000f0480000, 0x0000000100000000)
  eden space 220672K, 100% used [0x00000000e0000000,0x00000000ed780000,0x00000000ed780000)
  from space 4608K, 94% used [0x00000000eda80000,0x00000000edec3470,0x00000000edf00000)
  to   space 23040K, 0% used [0x00000000eee00000,0x00000000eee00000,0x00000000f0480000)
 ParOldGen       total 530944K, used 40244K [0x00000000a0000000, 0x00000000c0680000, 0x00000000e0000000)
  object space 530944K, 7% used [0x00000000a0000000,0x00000000a274d390,0x00000000c0680000)
 Metaspace       used 69134K, capacity 71250K, committed 71384K, reserved 1112064K
  class space    used 8809K, capacity 9396K, committed 9472K, reserved 1048576K
Event: 225.922 GC heap after
Heap after GC invocations=15 (full 3):
 PSYoungGen      total 241152K, used 21304K [0x00000000e0000000, 0x00000000f2c80000, 0x0000000100000000)
  eden space 218112K, 0% used [0x00000000e0000000,0x00000000e0000000,0x00000000ed500000)
  from space 23040K, 92% used [0x00000000eee00000,0x00000000f02ce0a0,0x00000000f0480000)
  to   space 25600K, 0% used [0x00000000ed500000,0x00000000ed500000,0x00000000eee00000)
 ParOldGen       total 530944K, used 40252K [0x00000000a0000000, 0x00000000c0680000, 0x00000000e0000000)
  object space 530944K, 7% used [0x00000000a0000000,0x00000000a274f390,0x00000000c0680000)
 Metaspace       used 69134K, capacity 71250K, committed 71384K, reserved 1112064K
  class space    used 8809K, capacity 9396K, committed 9472K, reserved 1048576K
}
Event: 282.396 GC heap before
{Heap before GC invocations=16 (full 3):
 PSYoungGen      total 241152K, used 239416K [0x00000000e0000000, 0x00000000f2c80000, 0x0000000100000000)
  eden space 218112K, 100% used [0x00000000e0000000,0x00000000ed500000,0x00000000ed500000)
  from space 23040K, 92% used [0x00000000eee00000,0x00000000f02ce0a0,0x00000000f0480000)
  to   space 25600K, 0% used [0x00000000ed500000,0x00000000ed500000,0x00000000eee00000)
 ParOldGen       total 530944K, used 40252K [0x00000000a0000000, 0x00000000c0680000, 0x00000000e0000000)
  object space 530944K, 7% used [0x00000000a0000000,0x00000000a274f390,0x00000000c0680000)
 Metaspace       used 69451K, capacity 71580K, committed 71640K, reserved 1112064K
  class space    used 8836K, capacity 9435K, committed 9472K, reserved 1048576K
Event: 282.403 GC heap after
Heap after GC invocations=16 (full 3):
 PSYoungGen      total 226304K, used 10855K [0x00000000e0000000, 0x00000000f0200000, 0x0000000100000000)
  eden space 215040K, 0% used [0x00000000e0000000,0x00000000e0000000,0x00000000ed200000)
  from space 11264K, 96% used [0x00000000ed500000,0x00000000edf99d30,0x00000000ee000000)
  to   space 24576K, 0% used [0x00000000eea00000,0x00000000eea00000,0x00000000f0200000)
 ParOldGen       total 530944K, used 40260K [0x00000000a0000000, 0x00000000c0680000, 0x00000000e0000000)
  object space 530944K, 7% used [0x00000000a0000000,0x00000000a2751390,0x00000000c0680000)
 Metaspace       used 69451K, capacity 71580K, committed 71640K, reserved 1112064K
  class space    used 8836K, capacity 9435K, committed 9472K, reserved 1048576K
}

